<?xml version="1.0" encoding="UTF-8"?>
<!-- Generated by org.testng.reporters.JUnitReportReporter -->
<testsuite skipped="0" hostname="Lenovo-Yoga" name="com.Smoke" tests="1" failures="0" timestamp="14 Jul 2018 09:53:28 GMT" time="0.008" errors="0">
  <testcase name="add" time="0.008" classname="com.Smoke"/>
</testsuite> <!-- com.Smoke -->
